<?xml version="1.0" encoding="UTF-8"?>
<testsuite name="Usecase_2Testing" tests="4" skipped="0" failures="0" errors="0" timestamp="2020-04-16T08:07:18" hostname="DESKTOP-9J6MPIC" time="0.006">
  <properties/>
  <testcase name="givenLastName_IntialLettersCapital_ReturnsFalse" classname="Usecase_2Testing" time="0.004"/>
  <testcase name="givenLastName_IntialLetterCapital_ReturnsTrue" classname="Usecase_2Testing" time="0.0"/>
  <testcase name="givenLastName_IntialLettersCapital_ReturnsTrue" classname="Usecase_2Testing" time="0.0"/>
  <testcase name="givenLastName_IntialLetterCapital_ReturnsFalse" classname="Usecase_2Testing" time="0.0"/>
  <system-out><![CDATA[]]></system-out>
  <system-err><![CDATA[]]></system-err>
</testsuite>
