<?xml version="1.0" encoding="UTF-8"?>
<testsuite name="Usecase_2Testing" tests="4" skipped="0" failures="0" errors="0" timestamp="2020-04-14T10:27:27" hostname="DESKTOP-9J6MPIC" time="0.004">
  <properties/>
  <testcase name="givenLastName_IntialLettersCapital_ReturnsFalse" classname="Usecase_2Testing" time="0.003"/>
  <testcase name="givenLastName_IntialLetterCapital_ReturnsTrue" classname="Usecase_2Testing" time="0.0"/>
  <testcase name="givenLastName_IntialLettersCapital_ReturnsTrue" classname="Usecase_2Testing" time="0.0"/>
  <testcase name="givenLastName_IntialLetterCapital_ReturnsFalse" classname="Usecase_2Testing" time="0.0"/>
  <system-out><![CDATA[]]></system-out>
  <system-err><![CDATA[]]></system-err>
</testsuite>
