<?xml version="1.0" encoding="UTF-8"?>
<testsuite name="Usecase_4Testing" tests="4" skipped="0" failures="0" errors="0" timestamp="2020-04-16T08:22:14" hostname="DESKTOP-9J6MPIC" time="0.005">
  <properties/>
  <testcase name="givenNumber_Valid_ReturnFalse" classname="Usecase_4Testing" time="0.004"/>
  <testcase name="givenNumber_Valid_ReturnsTrue" classname="Usecase_4Testing" time="0.0"/>
  <testcase name="givenNumber_Valid_ReturnsFalse" classname="Usecase_4Testing" time="0.0"/>
  <testcase name="givenNumber_Valid_ReturnTrue" classname="Usecase_4Testing" time="0.0"/>
  <system-out><![CDATA[]]></system-out>
  <system-err><![CDATA[]]></system-err>
</testsuite>
