<?xml version="1.0" encoding="UTF-8"?>
<testsuite name="Usecase_4Testing" tests="5" skipped="0" failures="0" errors="0" timestamp="2020-04-14T08:38:00" hostname="DESKTOP-9J6MPIC" time="0.004">
  <properties/>
  <testcase name="testcase_For_InvalidNumber_1" classname="Usecase_4Testing" time="0.002"/>
  <testcase name="testcase_For_InvalidNumber_2" classname="Usecase_4Testing" time="0.0"/>
  <testcase name="testcase_For_InvalidNumber_3" classname="Usecase_4Testing" time="0.0"/>
  <testcase name="testcase_For_ValidNumber_1" classname="Usecase_4Testing" time="0.0"/>
  <testcase name="testcase_For_ValidNumber_2" classname="Usecase_4Testing" time="0.0"/>
  <system-out><![CDATA[]]></system-out>
  <system-err><![CDATA[]]></system-err>
</testsuite>
