<?xml version="1.0" encoding="UTF-8"?>
<testsuite name="Usecase_1Testing" tests="4" skipped="0" failures="0" errors="0" timestamp="2020-04-16T08:39:34" hostname="DESKTOP-9J6MPIC" time="0.005">
  <properties/>
  <testcase name="givenFirstName_IntialLetterCapital_ReturnsTrue" classname="Usecase_1Testing" time="0.004"/>
  <testcase name="givenFirstName_IntialLettersCapital_ReturnsTrue" classname="Usecase_1Testing" time="0.0"/>
  <testcase name="givenFirstName_IntialLettersCapital_ReturnsFalse" classname="Usecase_1Testing" time="0.001"/>
  <testcase name="givenFirstName_IntialLetterCapital_ReturnsFalse" classname="Usecase_1Testing" time="0.0"/>
  <system-out><![CDATA[]]></system-out>
  <system-err><![CDATA[]]></system-err>
</testsuite>
