<?xml version="1.0" encoding="UTF-8"?>
<testsuite name="Usecase_5Testing" tests="5" skipped="0" failures="0" errors="0" timestamp="2020-04-14T08:57:31" hostname="DESKTOP-9J6MPIC" time="0.005">
  <properties/>
  <testcase name="testcase_for_CheckingUpperCase_in_String_1" classname="Usecase_5Testing" time="0.003"/>
  <testcase name="testcase_for_CheckingUpperCase_in_String_2" classname="Usecase_5Testing" time="0.0"/>
  <testcase name="testcase_for_CheckUpperCase_in_String_1" classname="Usecase_5Testing" time="0.0"/>
  <testcase name="testcase_for_CheckUpperCase_in_String_2" classname="Usecase_5Testing" time="0.0"/>
  <testcase name="testcase_for_CheckUpperCase_in_String_3" classname="Usecase_5Testing" time="0.001"/>
  <system-out><![CDATA[]]></system-out>
  <system-err><![CDATA[]]></system-err>
</testsuite>
