<?xml version="1.0" encoding="UTF-8"?>
<testsuite name="Usecase_5Testing" tests="4" skipped="0" failures="0" errors="0" timestamp="2020-04-16T09:00:48" hostname="DESKTOP-9J6MPIC" time="0.004">
  <properties/>
  <testcase name="givenPassword_ContainsOneCapital_ReturnsFalse" classname="Usecase_5Testing" time="0.003"/>
  <testcase name="givenPassword_ContainsOneCapital_ReturnTrue" classname="Usecase_5Testing" time="0.0"/>
  <testcase name="givenPassword_ContainsOneCapital_ReturnFalse" classname="Usecase_5Testing" time="0.0"/>
  <testcase name="givenPassword_ContainsOneCapital_ReturnsTrue" classname="Usecase_5Testing" time="0.0"/>
  <system-out><![CDATA[]]></system-out>
  <system-err><![CDATA[]]></system-err>
</testsuite>
