<?xml version="1.0" encoding="UTF-8"?>
<testsuite name="Usecase_3Testing" tests="4" skipped="0" failures="0" errors="0" timestamp="2020-04-16T08:13:36" hostname="DESKTOP-9J6MPIC" time="0.006">
  <properties/>
  <testcase name="givenEmail_Validate_ReturnsFalse" classname="Usecase_3Testing" time="0.004"/>
  <testcase name="givenEmail_Validates_ReturnsTrue" classname="Usecase_3Testing" time="0.0"/>
  <testcase name="givenEmail_Validates_ReturnsFalse" classname="Usecase_3Testing" time="0.0"/>
  <testcase name="givenEmail_Validate_ReturnsTrue" classname="Usecase_3Testing" time="0.0"/>
  <system-out><![CDATA[]]></system-out>
  <system-err><![CDATA[]]></system-err>
</testsuite>
