<?xml version="1.0" encoding="UTF-8"?>
<testsuite name="Usecase_7Testing" tests="4" skipped="0" failures="0" errors="0" timestamp="2020-04-16T10:35:04" hostname="DESKTOP-9J6MPIC" time="0.008">
  <properties/>
  <testcase name="givenPassword_AtleastOneDigit_ReturnsFalse" classname="Usecase_7Testing" time="0.004"/>
  <testcase name="givenPassword_AtleastOneDigit_ReturnTrue" classname="Usecase_7Testing" time="0.001"/>
  <testcase name="givenPassword_AtleastOneDigit_ReturnFalse" classname="Usecase_7Testing" time="0.001"/>
  <testcase name="givenPassword_AtleastOneDigit_ReturnsTrue" classname="Usecase_7Testing" time="0.001"/>
  <system-out><![CDATA[]]></system-out>
  <system-err><![CDATA[]]></system-err>
</testsuite>
