<?xml version="1.0" encoding="UTF-8"?>
<testsuite name="Usecase_8Testing" tests="4" skipped="0" failures="0" errors="0" timestamp="2020-04-16T10:48:00" hostname="DESKTOP-9J6MPIC" time="0.006">
  <properties/>
  <testcase name="givenPassword_HasAtleastOneSpecialSymbol_ReturnTrue" classname="Usecase_8Testing" time="0.004"/>
  <testcase name="givenPassword_HasAtleastOneSpecialSymbol_ReturnFalse" classname="Usecase_8Testing" time="0.0"/>
  <testcase name="givenPassword_HasAtleastOneSpecialSymbol_ReturnsTrue" classname="Usecase_8Testing" time="0.0"/>
  <testcase name="givenPassword_HasAtleastOneSpecialSymbol_ReturnsFalse" classname="Usecase_8Testing" time="0.001"/>
  <system-out><![CDATA[]]></system-out>
  <system-err><![CDATA[]]></system-err>
</testsuite>
